{
  "stats": {
    "suites": 1,
    "tests": 1,
    "passes": 1,
    "pending": 0,
    "failures": 0,
    "start": "2024-05-08T17:20:14.343Z",
    "end": "2024-05-08T17:20:17.888Z",
    "duration": 3545,
    "testsRegistered": 1,
    "passPercent": 100,
    "pendingPercent": 0,
    "other": 0,
    "hasOther": false,
    "skipped": 0,
    "hasSkipped": false
  },
  "results": [
    {
      "uuid": "2a7b49ec-7d21-452e-8c6b-6c1a7563c376",
      "title": "",
      "fullFile": "cypress/e2e/spec.cy.js",
      "file": "cypress/e2e/spec.cy.js",
      "beforeHooks": [],
      "afterHooks": [],
      "tests": [],
      "suites": [
        {
          "uuid": "507406f0-f644-4148-b664-412b9869f0ec",
          "title": "Validar os dados do objeto com ID = 6",
          "fullFile": "",
          "file": "",
          "beforeHooks": [],
          "afterHooks": [],
          "tests": [
            {
              "title": "Access JSONPlaceholder and go to /albums/1/photos",
              "fullTitle": "Validar os dados do objeto com ID = 6 Access JSONPlaceholder and go to /albums/1/photos",
              "timedOut": null,
              "duration": 2146,
              "state": "passed",
              "speed": "fast",
              "pass": true,
              "fail": false,
              "pending": false,
              "context": null,
              "code": "cy.visit('https://jsonplaceholder.typicode.com/');\ncy.get('nav a').contains('Guide').click();\ncy.get('a[href=\"/albums/1/photos\"]').contains('/albums/1/photos').click();\ncy.url().should('eq', 'https://jsonplaceholder.typicode.com/albums/1/photos');\ncy.get('body pre').then(pre => {\n  const text = pre.text();\n  const array = JSON.parse(text);\n  const expectedObj = {\n    albumId: 1,\n    id: 6,\n    title: \"accusamus ea aliquid et amet sequi nemo\",\n    url: \"https://via.placeholder.com/600/56a8c2\",\n    thumbnailUrl: \"https://via.placeholder.com/150/56a8c2\"\n  };\n  // Caso queiramos validar exatamente o que vem no objeto\n  expect(array).deep.include(expectedObj);\n});",
              "err": {},
              "uuid": "7b3f5eec-b129-4d1c-a73f-2c19a616cef5",
              "parentUUID": "507406f0-f644-4148-b664-412b9869f0ec",
              "isHook": false,
              "skipped": false
            }
          ],
          "suites": [],
          "passes": [
            "7b3f5eec-b129-4d1c-a73f-2c19a616cef5"
          ],
          "failures": [],
          "pending": [],
          "skipped": [],
          "duration": 2146,
          "root": false,
          "rootEmpty": false,
          "_timeout": 2000
        }
      ],
      "passes": [],
      "failures": [],
      "pending": [],
      "skipped": [],
      "duration": 0,
      "root": true,
      "rootEmpty": true,
      "_timeout": 2000
    }
  ],
  "meta": {
    "mocha": {
      "version": "7.0.1"
    },
    "mochawesome": {
      "options": {
        "quiet": false,
        "reportFilename": "mochawesome",
        "saveHtml": true,
        "saveJson": true,
        "consoleReporter": "spec",
        "useInlineDiffs": false,
        "code": true
      },
      "version": "7.1.3"
    },
    "marge": {
      "options": null,
      "version": "6.2.0"
    }
  }
}